<?xml version="1.0" encoding="UTF-8"?>
<!-- Generated by org.testng.reporters.JUnitXMLReporter -->
<testsuite ignored="0" hostname="LAPTOP-9QCAOA2C" failures="0" tests="3" name="Checkers Game Tests" time="27.89" errors="0" timestamp="2025-08-31T18:54:10 CDT">
  <testcase classname="com.checkers.tests.CheckersTest" name="testSiteIsUp" time="4.596"/>
  <testcase classname="com.checkers.tests.CheckersTest" name="testMakeFiveMovesIncludingCapture" time="20.361"/>
  <testcase classname="com.checkers.tests.CheckersTest" name="testRestartGame" time="0.807"/>
</testsuite> <!-- Checkers Game Tests -->
